<?xml version="1.0" encoding="UTF-8"?>
<!-- Generated by org.testng.reporters.JUnitReportReporter -->
<testsuite hostname="HP" name="gri.gridd" tests="1" failures="0" timestamp="14 Oct 2016 01:06:31 GMT" time="73.436" errors="0">
  <testcase name="testgrid" time="73.436" classname="gri.gridd"/>
</testsuite> <!-- gri.gridd -->
